[www.againbeautylamdep.site/lam8e15.html]
[backblue.gif]
[fade.gif]
[index.html]
[www.againbeautylamdep.site/lam.html]
[w.ladicdn.com_443/5aa78f67a81f66ca2eace502/z1980206864503_e6ee7099865d7dfdf06a5528c6cc6e99-20200718015040.jpg]
[w.ladicdn.com/v2/source/ladipage.min728e.js]
[w.ladicdn.com/s768x681/5aa78f67a81f66ca2eace502/3-02-20200716083517.png]
[w.ladicdn.com/s768x1548/5aa78f67a81f66ca2eace502/21-06-20200716083516.png]
[w.ladicdn.com/s750x450/5aa78f67a81f66ca2eace502/1-02-20200716083516.png]
[w.ladicdn.com/s750x450/5aa78f67a81f66ca2eace502/4-02-20200716083524.png]
[w.ladicdn.com/s600x700/5aa78f67a81f66ca2eace502/106480806_3289424187785278_5945915195947398146_o-recovered-20200716084014.png]
[w.ladicdn.com/s750x400/5aa78f67a81f66ca2eace502/2-02-20200716083517.png]
[w.ladicdn.com/s600x750/5aa78f67a81f66ca2eace502/98186019_3592246324122299_4733931310341423104_o-20200716084014.png]
[w.ladicdn.com/s750x400/5aa78f67a81f66ca2eace502/5-02-20200716083524.png]
[w.ladicdn.com/s600x600/5aa78f67a81f66ca2eace502/10-02-20200716083525.png]
[w.ladicdn.com/s750x400/5aa78f67a81f66ca2eace502/6-02-20200716083524.png]
[w.ladicdn.com/s750x400/5aa78f67a81f66ca2eace502/7-02-20200716083524.png]
[w.ladicdn.com/s750x400/5aa78f67a81f66ca2eace502/8-02-20200716083524.png]
[w.ladicdn.com/s750x400/5aa78f67a81f66ca2eace502/9-02-20200716083525.png]
[w.ladicdn.com/s600x400/5aa78f67a81f66ca2eace502/24-02-20200716083636-20200718032206.png]
[w.ladicdn.com/s700x450/5aa78f67a81f66ca2eace502/22-06-20200716083516.png]
[w.ladicdn.com/s750x1000/5aa78f67a81f66ca2eace502/24-06-20200716083516.png]
[w.ladicdn.com/s700x450/5aa78f67a81f66ca2eace502/23-06-20200716083516.png]
[w.ladicdn.com/s750x450/5aa78f67a81f66ca2eace502/32-02-20200716083700.png]
[w.ladicdn.com/s750x450/5aa78f67a81f66ca2eace502/33-02-20200716083700.png]
[w.ladicdn.com/s750x450/5aa78f67a81f66ca2eace502/34-02-20200716083700.png]
[w.ladicdn.com/s750x450/5aa78f67a81f66ca2eace502/35-02-20200716083700.png]
[w.ladicdn.com/s750x500/5aa78f67a81f66ca2eace502/12-02-20200716083534.png]
[w.ladicdn.com/s750x750/5aa78f67a81f66ca2eace502/13-02-20200716083534.png]
[w.ladicdn.com/s750x450/5aa78f67a81f66ca2eace502/14-02-20200716083534.png]
[w.ladicdn.com/s768x2247/5aa78f67a81f66ca2eace502/27-02-20200716083645.png]
[w.ladicdn.com/s750x450/5aa78f67a81f66ca2eace502/15-02-20200716083534.png]
[w.ladicdn.com/s750x450/5aa78f67a81f66ca2eace502/16-02-20200716083534.png]
[w.ladicdn.com/s750x450/5aa78f67a81f66ca2eace502/17-02-20200716083534.png]
[w.ladicdn.com/s750x400/5aa78f67a81f66ca2eace502/18-02-20200716083636.png]
[w.ladicdn.com/s750x550/5aa78f67a81f66ca2eace502/19-02-20200716083636.png]
[w.ladicdn.com/s450x650/5aa78f67a81f66ca2eace502/20-02-20200716083636.png]
[w.ladicdn.com/s350x350/5aa78f67a81f66ca2eace502/23-02-20200716083636.png]
[w.ladicdn.com/s450x650/5aa78f67a81f66ca2eace502/21-02-20200716083636.png]
[w.ladicdn.com/s450x650/5aa78f67a81f66ca2eace502/22-02-20200716083636.png]
[w.ladicdn.com/s600x400/5aa78f67a81f66ca2eace502/24-02-20200716083636.png]
[w.ladicdn.com/s750x950/5aa78f67a81f66ca2eace502/25-02-20200716083645.png]
[w.ladicdn.com/s700x750/5aa78f67a81f66ca2eace502/26-02-20200716083645.png]
[w.ladicdn.com/s750x400/5aa78f67a81f66ca2eace502/28-02-20200716083645.png]
[w.ladicdn.com/s750x750/5aa78f67a81f66ca2eace502/31-02-20200716083645.png]
[w.ladicdn.com/s750x700/5aa78f67a81f66ca2eace502/30-02-20200716083645.png]
[w.ladicdn.com/s750x800/5aa78f67a81f66ca2eace502/29-02-20200716083645.png]
[w.ladicdn.com/s768x901/5aa78f67a81f66ca2eace502/a8a28bcb4624bb7ae235-20200629015243.jpg]
[w.ladicdn.com/s750x550/5aa78f67a81f66ca2eace502/banner-hadami-05-20200523093818-1-20200611024213.jpg]
[w.ladicdn.com/s768x583/5aa78f67a81f66ca2eace502/white-elegant-texture-background_23-2148445782-20200502040312.jpg]
[w.ladicdn.com/s750x600/5aa78f67a81f66ca2eace502/z1980207539993_881f2c3aac79c629dd96fc11be86722c-20200718022119.jpg]
[w.ladicdn.com/s750x600/5aa78f67a81f66ca2eace502/4b22d7f8c50838566119-20200629020228.jpg]
[w.ladicdn.com/s800x600/5aa78f67a81f66ca2eace502/a7d6293c38ccc5929cdd-20200629020228.jpg]
[w.ladicdn.com/s750x350/5aa78f67a81f66ca2eace502/logo-truyen-hinh-20200608041717-20200611024213.png]
[w.ladicdn.com/s750x550/5aa78f67a81f66ca2eace502/d11a551a2eead3b48afb-20200629021438.jpg]
[w.ladicdn.com/s750x600/5aa78f67a81f66ca2eace502/z1980206864503_e6ee7099865d7dfdf06a5528c6cc6e99-20200718015040.jpg]
[w.ladicdn.com/s700x500/5aa78f67a81f66ca2eace502/sale-20200703024955.jpg]
[w.ladicdn.com/s550x450/5aa78f67a81f66ca2eace502/logo-02-20200717084218.png]
[w.ladicdn.com/s750x700/5aa78f67a81f66ca2eace502/z1979251582823_5be5a412b03ee7a918d0fa1b1f05c2dc-20200717085318.jpg]
[w.ladicdn.com/s400x400/5aa78f67a81f66ca2eace502/z1979251582823_5be5a412b03ee7a918d0fa1b1f05c2dc-20200717085318.jpg]
[w.ladicdn.com/s750x700/5aa78f67a81f66ca2eace502/z1979251407901_28e5ae755304594a98b3fe6fc93305d0-20200717085315.jpg]
[w.ladicdn.com/s400x400/5aa78f67a81f66ca2eace502/z1979251407901_28e5ae755304594a98b3fe6fc93305d0-20200717085315.jpg]
[w.ladicdn.com/s750x700/5aa78f67a81f66ca2eace502/z1979251482664_cc61a48af6c5d0501f4fd72382c2cd7c-20200717085315.jpg]
[w.ladicdn.com/s400x400/5aa78f67a81f66ca2eace502/z1979251482664_cc61a48af6c5d0501f4fd72382c2cd7c-20200717085315.jpg]
[w.ladicdn.com/s750x700/5aa78f67a81f66ca2eace502/z1979251485745_67f3d16108e8fc856b88989369ee8973-20200717085316.jpg]
[w.ladicdn.com/s400x400/5aa78f67a81f66ca2eace502/z1979251485745_67f3d16108e8fc856b88989369ee8973-20200717085316.jpg]
[w.ladicdn.com/s750x700/5aa78f67a81f66ca2eace502/z1979251132201_229d356f5655d7e07778cf84faf53eac-20200717085314.jpg]
[w.ladicdn.com/s400x400/5aa78f67a81f66ca2eace502/z1979251132201_229d356f5655d7e07778cf84faf53eac-20200717085314.jpg]
[w.ladicdn.com/s750x700/5aa78f67a81f66ca2eace502/z1979251449413_21026454a8f28c7fc61a976ebfb08228-20200717085317.jpg]
[w.ladicdn.com/s400x400/5aa78f67a81f66ca2eace502/z1979251449413_21026454a8f28c7fc61a976ebfb08228-20200717085317.jpg]
[w.ladicdn.com/s750x700/5aa78f67a81f66ca2eace502/z1979251513426_fcf6d45a8784ae0223fd36384d0470ad-20200717085317.jpg]
[w.ladicdn.com/s400x400/5aa78f67a81f66ca2eace502/z1979251513426_fcf6d45a8784ae0223fd36384d0470ad-20200717085317.jpg]
[w.ladicdn.com/s750x700/5aa78f67a81f66ca2eace502/dsc03420-20200715131621.jpg]
[w.ladicdn.com/s400x400/5aa78f67a81f66ca2eace502/dsc03420-20200715131621.jpg]
[w.ladicdn.com/s750x700/5aa78f67a81f66ca2eace502/dsc03475-20200714104001.jpg]
[w.ladicdn.com/s400x400/5aa78f67a81f66ca2eace502/dsc03475-20200714104001.jpg]
[w.ladicdn.com/s550x550/5aa78f67a81f66ca2eace502/z1980271733802_3e7d3622c2777bc0e1f183afa99cacd7-20200718024720.jpg]
[w.ladicdn.com/s550x550/5aa78f67a81f66ca2eace502/z1980271737372_a3915bd24231bb9a268091375c0f1e34-20200718024720.jpg]
[w.ladicdn.com/s550x550/5aa78f67a81f66ca2eace502/z1980271733805_99b5ebad1237232c18b27ab7897ac8de-20200718024720.jpg]
[w.ladicdn.com/s550x550/5aa78f67a81f66ca2eace502/z1980271749950_692ddf327bb527b868408a5ebee3ef2c-20200718024721.jpg]
[w.ladicdn.com/s550x550/5aa78f67a81f66ca2eace502/z1980271727290_b7dd47fef9501bd4258a2d32bb656043-20200718024720.jpg]
[w.ladicdn.com/s550x550/5aa78f67a81f66ca2eace502/z1980271733801_41f5b004a1cdc1da95cfe82f3f49cc0a-20200718024720.jpg]
[w.ladicdn.com/s550x550/5aa78f67a81f66ca2eace502/z1980271721724_f442fc128a9ae28e0f91300565ffc01e-20200718024720.jpg]
[w.ladicdn.com/s550x550/5aa78f67a81f66ca2eace502/z1980271716532_6989ab56f16dcb386ce7ce1874fb2fda-20200718024720.jpg]
[connect.facebook.net/en_US/fbevents.js]
[www.againbeautylamdep.site/lam8e15.html]
[www.againbeautylamdep.site/lam.html]
[connect.facebook.net/en_US/fbevents.js]
[w.ladicdn.com/v2/source/ladipage.min728e.css]
[www.againbeautylamdep.site/POST.html]
[www.againbeautylamdep.site/POST.html]
